{"C:\\Users\\Lenovo\\Desktop\\web-dev\\assignments-master\\week-2\\01-async-js\\hard (promises)\\4-promise-chain.js": {"path":"C:\\Users\\Lenovo\\Desktop\\web-dev\\assignments-master\\week-2\\01-async-js\\hard (promises)\\4-promise-chain.js","all":false,"statementMap":{"0":{"start":{"line":1,"column":0},"end":{"line":1,"column":2}},"1":{"start":{"line":2,"column":0},"end":{"line":2,"column":107}},"2":{"start":{"line":3,"column":0},"end":{"line":3,"column":78}},"3":{"start":{"line":4,"column":0},"end":{"line":4,"column":106}},"4":{"start":{"line":5,"column":0},"end":{"line":5,"column":52}},"5":{"start":{"line":6,"column":0},"end":{"line":6,"column":3}},"6":{"start":{"line":7,"column":0},"end":{"line":7,"column":0}},"7":{"start":{"line":8,"column":0},"end":{"line":8,"column":17}},"8":{"start":{"line":9,"column":0},"end":{"line":9,"column":35}},"9":{"start":{"line":10,"column":0},"end":{"line":10,"column":35}},"10":{"start":{"line":11,"column":0},"end":{"line":11,"column":6}},"11":{"start":{"line":12,"column":0},"end":{"line":12,"column":1}},"12":{"start":{"line":13,"column":0},"end":{"line":13,"column":19}},"13":{"start":{"line":14,"column":0},"end":{"line":14,"column":19}},"14":{"start":{"line":15,"column":0},"end":{"line":15,"column":0}},"15":{"start":{"line":16,"column":0},"end":{"line":16,"column":1}},"16":{"start":{"line":17,"column":0},"end":{"line":17,"column":0}},"17":{"start":{"line":18,"column":0},"end":{"line":18,"column":19}},"18":{"start":{"line":19,"column":0},"end":{"line":19,"column":19}},"19":{"start":{"line":20,"column":0},"end":{"line":20,"column":1}},"20":{"start":{"line":21,"column":0},"end":{"line":21,"column":0}},"21":{"start":{"line":22,"column":0},"end":{"line":22,"column":19}},"22":{"start":{"line":23,"column":0},"end":{"line":23,"column":19}},"23":{"start":{"line":24,"column":0},"end":{"line":24,"column":1}},"24":{"start":{"line":25,"column":0},"end":{"line":25,"column":0}},"25":{"start":{"line":26,"column":0},"end":{"line":26,"column":36}},"26":{"start":{"line":27,"column":0},"end":{"line":27,"column":0}},"27":{"start":{"line":28,"column":0},"end":{"line":28,"column":26}},"28":{"start":{"line":29,"column":0},"end":{"line":29,"column":0}},"29":{"start":{"line":30,"column":0},"end":{"line":30,"column":47}},"30":{"start":{"line":31,"column":0},"end":{"line":31,"column":20}},"31":{"start":{"line":32,"column":0},"end":{"line":32,"column":30}},"32":{"start":{"line":33,"column":0},"end":{"line":33,"column":30}},"33":{"start":{"line":34,"column":0},"end":{"line":34,"column":21}},"34":{"start":{"line":35,"column":0},"end":{"line":35,"column":35}},"35":{"start":{"line":36,"column":0},"end":{"line":36,"column":42}},"36":{"start":{"line":37,"column":0},"end":{"line":37,"column":29}},"37":{"start":{"line":38,"column":0},"end":{"line":38,"column":11}},"38":{"start":{"line":39,"column":0},"end":{"line":39,"column":1}},"39":{"start":{"line":40,"column":0},"end":{"line":40,"column":0}},"40":{"start":{"line":41,"column":0},"end":{"line":41,"column":31}}},"s":{"0":1,"1":1,"2":1,"3":1,"4":1,"5":1,"6":1,"7":9,"8":9,"9":9,"10":9,"11":9,"12":3,"13":3,"14":3,"15":3,"16":1,"17":3,"18":3,"19":3,"20":1,"21":3,"22":3,"23":3,"24":1,"25":3,"26":3,"27":3,"28":3,"29":3,"30":3,"31":3,"32":3,"33":3,"34":3,"35":3,"36":3,"37":3,"38":3,"39":1,"40":1},"branchMap":{"0":{"type":"branch","line":8,"loc":{"start":{"line":8,"column":0},"end":{"line":12,"column":1}},"locations":[{"start":{"line":8,"column":0},"end":{"line":12,"column":1}}]},"1":{"type":"branch","line":9,"loc":{"start":{"line":9,"column":24},"end":{"line":11,"column":5}},"locations":[{"start":{"line":9,"column":24},"end":{"line":11,"column":5}}]},"2":{"type":"branch","line":13,"loc":{"start":{"line":13,"column":0},"end":{"line":16,"column":1}},"locations":[{"start":{"line":13,"column":0},"end":{"line":16,"column":1}}]},"3":{"type":"branch","line":18,"loc":{"start":{"line":18,"column":0},"end":{"line":20,"column":1}},"locations":[{"start":{"line":18,"column":0},"end":{"line":20,"column":1}}]},"4":{"type":"branch","line":22,"loc":{"start":{"line":22,"column":0},"end":{"line":24,"column":1}},"locations":[{"start":{"line":22,"column":0},"end":{"line":24,"column":1}}]},"5":{"type":"branch","line":26,"loc":{"start":{"line":26,"column":0},"end":{"line":39,"column":1}},"locations":[{"start":{"line":26,"column":0},"end":{"line":39,"column":1}}]},"6":{"type":"branch","line":32,"loc":{"start":{"line":32,"column":14},"end":{"line":32,"column":29}},"locations":[{"start":{"line":32,"column":14},"end":{"line":32,"column":29}}]},"7":{"type":"branch","line":33,"loc":{"start":{"line":33,"column":14},"end":{"line":33,"column":29}},"locations":[{"start":{"line":33,"column":14},"end":{"line":33,"column":29}}]},"8":{"type":"branch","line":34,"loc":{"start":{"line":34,"column":14},"end":{"line":38,"column":9}},"locations":[{"start":{"line":34,"column":14},"end":{"line":38,"column":9}}]}},"b":{"0":[9],"1":[9],"2":[3],"3":[3],"4":[3],"5":[3],"6":[3],"7":[3],"8":[3]},"fnMap":{"0":{"name":"wait","decl":{"start":{"line":8,"column":0},"end":{"line":12,"column":1}},"loc":{"start":{"line":8,"column":0},"end":{"line":12,"column":1}},"line":8},"1":{"name":"wait1","decl":{"start":{"line":13,"column":0},"end":{"line":16,"column":1}},"loc":{"start":{"line":13,"column":0},"end":{"line":16,"column":1}},"line":13},"2":{"name":"wait2","decl":{"start":{"line":18,"column":0},"end":{"line":20,"column":1}},"loc":{"start":{"line":18,"column":0},"end":{"line":20,"column":1}},"line":18},"3":{"name":"wait3","decl":{"start":{"line":22,"column":0},"end":{"line":24,"column":1}},"loc":{"start":{"line":22,"column":0},"end":{"line":24,"column":1}},"line":22},"4":{"name":"calculateTime","decl":{"start":{"line":26,"column":0},"end":{"line":39,"column":1}},"loc":{"start":{"line":26,"column":0},"end":{"line":39,"column":1}},"line":26}},"f":{"0":9,"1":3,"2":3,"3":3,"4":3}}
}
