TN:
SF:hard (promises)\4-promise-chain.js
FN:8,wait
FN:13,wait1
FN:18,wait2
FN:22,wait3
FN:26,calculateTime
FNF:5
FNH:5
FNDA:9,wait
FNDA:3,wait1
FNDA:3,wait2
FNDA:3,wait3
FNDA:3,calculateTime
DA:1,1
DA:2,1
DA:3,1
DA:4,1
DA:5,1
DA:6,1
DA:7,1
DA:8,9
DA:9,9
DA:10,9
DA:11,9
DA:12,9
DA:13,3
DA:14,3
DA:15,3
DA:16,3
DA:17,1
DA:18,3
DA:19,3
DA:20,3
DA:21,1
DA:22,3
DA:23,3
DA:24,3
DA:25,1
DA:26,3
DA:27,3
DA:28,3
DA:29,3
DA:30,3
DA:31,3
DA:32,3
DA:33,3
DA:34,3
DA:35,3
DA:36,3
DA:37,3
DA:38,3
DA:39,3
DA:40,1
DA:41,1
LF:41
LH:41
BRDA:8,0,0,9
BRDA:9,1,0,9
BRDA:13,2,0,3
BRDA:18,3,0,3
BRDA:22,4,0,3
BRDA:26,5,0,3
BRDA:32,6,0,3
BRDA:33,7,0,3
BRDA:34,8,0,3
BRF:9
BRH:9
end_of_record
